[2018-10-11 01:28:55,444] INFO     started
[2018-10-11 01:28:55,444] DEBUG    Create new record in table "crime_type"
[2018-10-11 01:28:55,583] DEBUG    Create new record in table "disposition"
[2018-10-11 01:28:55,705] DEBUG    Create new record in table "address_type"
[2018-10-11 01:28:55,943] DEBUG    Create new record in table "Crime"
[2018-10-11 01:28:55,943] DEBUG    Create new record in table "crime_type"
[2018-10-11 01:28:56,061] DEBUG    Create new record in table "disposition"
[2018-10-11 01:28:56,161] DEBUG    Create new record in table "address_type"
[2018-10-11 01:28:56,365] DEBUG    Create new record in table "Crime"
[2018-10-11 01:28:56,365] DEBUG    Create new record in table "crime_type"
[2018-10-11 01:28:56,576] DEBUG    Create new record in table "Crime"
[2018-10-11 01:28:56,676] DEBUG    Create new record in table "Crime"
[2018-10-11 01:28:56,677] DEBUG    Create new record in table "crime_type"
[2018-10-11 01:28:56,772] DEBUG    Create new record in table "disposition"
[2018-10-11 01:28:56,965] DEBUG    Create new record in table "Crime"
[2018-10-11 01:28:56,965] DEBUG    Create new record in table "crime_type"
[2018-10-11 01:28:57,067] DEBUG    Create new record in table "address_type"
[2018-10-11 01:28:57,267] DEBUG    Create new record in table "Crime"
[2018-10-11 01:28:57,267] DEBUG    Create new record in table "address_type"
[2018-10-11 01:28:57,466] DEBUG    Create new record in table "Crime"
[2018-10-11 01:28:57,566] DEBUG    Create new record in table "Crime"
[2018-10-11 01:28:57,567] DEBUG    Create new record in table "crime_type"
[2018-10-11 01:28:57,666] DEBUG    Create new record in table "disposition"
[2018-10-11 01:28:57,844] DEBUG    Create new record in table "Crime"
[2018-10-11 01:28:57,845] DEBUG    Create new record in table "crime_type"
[2018-10-11 01:28:58,022] DEBUG    Create new record in table "Crime"
[2018-10-11 01:28:58,111] DEBUG    Create new record in table "Crime"
[2018-10-11 01:28:58,111] DEBUG    Create new record in table "crime_type"
[2018-10-11 01:28:58,205] DEBUG    Create new record in table "disposition"
[2018-10-11 01:28:58,400] DEBUG    Create new record in table "Crime"
[2018-10-11 01:28:58,489] DEBUG    Create new record in table "Crime"
[2018-10-11 01:28:58,588] DEBUG    Create new record in table "Crime"
[2018-10-11 01:28:58,589] DEBUG    Create new record in table "crime_type"
[2018-10-11 01:28:58,766] DEBUG    Create new record in table "Crime"
[2018-10-11 01:28:58,767] DEBUG    Create new record in table "crime_type"
[2018-10-11 01:28:58,855] DEBUG    Create new record in table "disposition"
[2018-10-11 01:28:59,055] DEBUG    Create new record in table "Crime"
[2018-10-11 01:28:59,056] DEBUG    Create new record in table "crime_type"
[2018-10-11 01:28:59,144] DEBUG    Create new record in table "disposition"
[2018-10-11 01:28:59,354] DEBUG    Create new record in table "Crime"
[2018-10-11 01:28:59,465] DEBUG    Create new record in table "Crime"
[2018-10-11 01:28:59,466] DEBUG    Create new record in table "crime_type"
[2018-10-11 01:28:59,720] DEBUG    Create new record in table "Crime"
[2018-10-11 01:28:59,820] DEBUG    Create new record in table "Crime"
[2018-10-11 01:28:59,942] DEBUG    Create new record in table "Crime"
[2018-10-11 01:28:59,943] DEBUG    Create new record in table "crime_type"
[2018-10-11 01:29:00,155] DEBUG    Create new record in table "Crime"
[2018-10-11 01:29:00,255] DEBUG    Create new record in table "Crime"
[2018-10-11 01:29:00,255] DEBUG    Create new record in table "crime_type"
[2018-10-11 01:29:00,361] DEBUG    Create new record in table "disposition"
[2018-10-11 01:29:00,577] DEBUG    Create new record in table "Crime"
[2018-10-11 01:29:00,577] DEBUG    Create new record in table "crime_type"
[2018-10-11 01:29:00,683] DEBUG    Create new record in table "disposition"
[2018-10-11 01:29:00,898] DEBUG    Create new record in table "Crime"
[2018-10-11 01:29:00,899] DEBUG    Create new record in table "crime_type"
[2018-10-11 01:29:01,005] DEBUG    Create new record in table "disposition"
[2018-10-11 01:29:01,198] INFO     finished in 0.08333333333333333 min
[2018-10-11 01:29:01,198] INFO     num of recorded row 60
